[20:37:39 -04:00] [] [---I---] [thread 2232158] Server started
[20:37:42 -04:00] [] [---I---] [thread 2232187] Received start request, creating map object
[20:37:42 -04:00] [] [---I---] [thread 2232187] Mapper thread created and detached
[20:37:42 -04:00] [] [---I---] [thread 2232211] No of records to process: 1829
[20:37:42 -04:00] [] [---I---] [thread 2232211] Percent done: 0
[20:37:42 -04:00] [] [---I---] [thread 2232211] Percent done: 0
[20:37:42 -04:00] [] [---I---] [thread 2232211] Percent done: 0
[20:37:42 -04:00] [] [---I---] [thread 2232211] Percent done: 0
[20:37:42 -04:00] [] [---I---] [thread 2232211] Percent done: 0
[20:37:42 -04:00] [] [---I---] [thread 2232211] Percent done: 0
[20:37:42 -04:00] [] [---I---] [thread 2232211] Percent done: 0
[20:37:42 -04:00] [] [---I---] [thread 2232211] Percent done: 0
[20:37:42 -04:00] [] [---I---] [thread 2232211] Percent done: 0
[20:37:42 -04:00] [] [---I---] [thread 2232211] Percent done: 0
[20:37:42 -04:00] [] [---I---] [thread 2232211] Percent done: 0
[20:37:42 -04:00] [] [---I---] [thread 2232211] Percent done: 0
[20:37:42 -04:00] [] [---I---] [thread 2232211] Percent done: 0
[20:37:42 -04:00] [] [---I---] [thread 2232211] Percent done: 0
[20:37:42 -04:00] [] [---I---] [thread 2232211] Percent done: 0
[20:37:42 -04:00] [] [---I---] [thread 2232211] Percent done: 0
[20:37:42 -04:00] [] [---I---] [thread 2232211] Percent done: 0
[20:37:42 -04:00] [] [---I---] [thread 2232211] Percent done: 0
[20:37:42 -04:00] [] [---I---] [thread 2232211] Percent done: 0
[20:37:42 -04:00] [] [---I---] [thread 2232211] Percent done: 0
[20:37:42 -04:00] [] [---I---] [thread 2232211] Percent done: 0
[20:37:42 -04:00] [] [---I---] [thread 2232211] Percent done: 0
[20:37:42 -04:00] [] [---I---] [thread 2232211] Percent done: 0
[20:37:42 -04:00] [] [---I---] [thread 2232211] Percent done: 0
[20:37:42 -04:00] [] [---I---] [thread 2232211] Percent done: 0
[20:37:42 -04:00] [] [---I---] [thread 2232211] Percent done: 0
[20:37:42 -04:00] [] [---I---] [thread 2232211] Percent done: 0
[20:37:42 -04:00] [] [---I---] [thread 2232211] Percent done: 0
[20:37:42 -04:00] [] [---I---] [thread 2232211] Percent done: 0
[20:37:42 -04:00] [] [---I---] [thread 2232211] Percent done: 0
[20:37:42 -04:00] [] [---I---] [thread 2232211] Percent done: 0
[20:37:42 -04:00] [] [---I---] [thread 2232211] Percent done: 0
[20:37:42 -04:00] [] [---I---] [thread 2232211] Percent done: 0
[20:37:42 -04:00] [] [---I---] [thread 2232211] Percent done: 0
[20:37:42 -04:00] [] [---I---] [thread 2232211] Percent done: 0
[20:37:42 -04:00] [] [---I---] [thread 2232211] Percent done: 0
[20:37:42 -04:00] [] [---I---] [thread 2232211] Percent done: 10
[20:37:42 -04:00] [] [---I---] [thread 2232211] Percent done: 10
[20:37:42 -04:00] [] [---I---] [thread 2232211] Percent done: 10
[20:37:42 -04:00] [] [---I---] [thread 2232211] Percent done: 10
[20:37:42 -04:00] [] [---I---] [thread 2232211] Percent done: 10
[20:37:42 -04:00] [] [---I---] [thread 2232211] Percent done: 10
[20:37:42 -04:00] [] [---I---] [thread 2232211] Percent done: 10
[20:37:42 -04:00] [] [---I---] [thread 2232211] Percent done: 10
[20:37:42 -04:00] [] [---I---] [thread 2232211] Percent done: 10
[20:37:42 -04:00] [] [---I---] [thread 2232211] Percent done: 10
[20:37:42 -04:00] [] [---I---] [thread 2232211] Percent done: 10
[20:37:42 -04:00] [] [---I---] [thread 2232211] Percent done: 10
[20:37:42 -04:00] [] [---I---] [thread 2232211] Percent done: 10
[20:37:42 -04:00] [] [---I---] [thread 2232211] Percent done: 10
[20:37:42 -04:00] [] [---I---] [thread 2232211] Percent done: 10
[20:37:42 -04:00] [] [---I---] [thread 2232211] Percent done: 10
[20:37:42 -04:00] [] [---I---] [thread 2232211] Percent done: 10
[20:37:42 -04:00] [] [---I---] [thread 2232211] Percent done: 10
[20:37:42 -04:00] [] [---I---] [thread 2232211] Percent done: 10
[20:37:42 -04:00] [] [---I---] [thread 2232211] Percent done: 10
[20:37:42 -04:00] [] [---I---] [thread 2232211] Percent done: 10
[20:37:42 -04:00] [] [---I---] [thread 2232211] Percent done: 10
[20:37:42 -04:00] [] [---I---] [thread 2232211] Percent done: 10
[20:37:42 -04:00] [] [---I---] [thread 2232211] Percent done: 10
[20:37:42 -04:00] [] [---I---] [thread 2232211] Percent done: 10
[20:37:42 -04:00] [] [---I---] [thread 2232211] Percent done: 10
[20:37:42 -04:00] [] [---I---] [thread 2232211] Percent done: 10
[20:37:42 -04:00] [] [---I---] [thread 2232211] Percent done: 10
[20:37:42 -04:00] [] [---I---] [thread 2232211] Percent done: 10
[20:37:42 -04:00] [] [---I---] [thread 2232211] Percent done: 10
[20:37:42 -04:00] [] [---I---] [thread 2232211] Percent done: 10
[20:37:42 -04:00] [] [---I---] [thread 2232211] Percent done: 10
[20:37:42 -04:00] [] [---I---] [thread 2232211] Percent done: 10
[20:37:42 -04:00] [] [---I---] [thread 2232211] Percent done: 10
[20:37:42 -04:00] [] [---I---] [thread 2232211] Percent done: 10
[20:37:42 -04:00] [] [---I---] [thread 2232211] Percent done: 10
[20:37:42 -04:00] [] [---I---] [thread 2232211] Percent done: 10
[20:37:42 -04:00] [] [---I---] [thread 2232211] Percent done: 20
[20:37:42 -04:00] [] [---I---] [thread 2232211] Percent done: 20
[20:37:42 -04:00] [] [---I---] [thread 2232211] Percent done: 20
[20:37:42 -04:00] [] [---I---] [thread 2232211] Percent done: 20
[20:37:42 -04:00] [] [---I---] [thread 2232211] Percent done: 20
[20:37:42 -04:00] [] [---I---] [thread 2232211] Percent done: 20
[20:37:42 -04:00] [] [---I---] [thread 2232211] Percent done: 20
[20:37:42 -04:00] [] [---I---] [thread 2232211] Percent done: 20
[20:37:42 -04:00] [] [---I---] [thread 2232211] Percent done: 20
[20:37:42 -04:00] [] [---I---] [thread 2232211] Percent done: 20
[20:37:42 -04:00] [] [---I---] [thread 2232211] Percent done: 20
[20:37:42 -04:00] [] [---I---] [thread 2232211] Percent done: 20
[20:37:42 -04:00] [] [---I---] [thread 2232211] Percent done: 20
[20:37:42 -04:00] [] [---I---] [thread 2232211] Percent done: 20
[20:37:42 -04:00] [] [---I---] [thread 2232211] Percent done: 20
[20:37:42 -04:00] [] [---I---] [thread 2232211] Percent done: 20
[20:37:42 -04:00] [] [---I---] [thread 2232211] Percent done: 20
[20:37:42 -04:00] [] [---I---] [thread 2232211] Percent done: 20
[20:37:42 -04:00] [] [---I---] [thread 2232211] Percent done: 20
[20:37:42 -04:00] [] [---I---] [thread 2232211] Percent done: 20
[20:37:42 -04:00] [] [---I---] [thread 2232211] Percent done: 20
[20:37:42 -04:00] [] [---I---] [thread 2232211] Percent done: 20
[20:37:42 -04:00] [] [---I---] [thread 2232211] Percent done: 20
[20:37:42 -04:00] [] [---I---] [thread 2232211] Percent done: 20
[20:37:42 -04:00] [] [---I---] [thread 2232211] Percent done: 20
[20:37:42 -04:00] [] [---I---] [thread 2232211] Percent done: 20
[20:37:42 -04:00] [] [---I---] [thread 2232211] Percent done: 20
[20:37:42 -04:00] [] [---I---] [thread 2232211] Percent done: 20
[20:37:42 -04:00] [] [---I---] [thread 2232211] Percent done: 20
[20:37:42 -04:00] [] [---I---] [thread 2232211] Percent done: 20
[20:37:42 -04:00] [] [---I---] [thread 2232211] Percent done: 20
[20:37:42 -04:00] [] [---I---] [thread 2232211] Percent done: 20
[20:37:42 -04:00] [] [---I---] [thread 2232211] Percent done: 20
[20:37:42 -04:00] [] [---I---] [thread 2232211] Percent done: 20
[20:37:42 -04:00] [] [---I---] [thread 2232211] Percent done: 20
[20:37:42 -04:00] [] [---I---] [thread 2232211] Percent done: 20
[20:37:42 -04:00] [] [---I---] [thread 2232211] Percent done: 20
[20:37:42 -04:00] [] [---I---] [thread 2232211] Percent done: 30
[20:37:42 -04:00] [] [---I---] [thread 2232211] Percent done: 30
[20:37:42 -04:00] [] [---I---] [thread 2232211] Percent done: 30
[20:37:42 -04:00] [] [---I---] [thread 2232211] Percent done: 30
[20:37:42 -04:00] [] [---I---] [thread 2232211] Percent done: 30
[20:37:42 -04:00] [] [---I---] [thread 2232211] Percent done: 30
[20:37:42 -04:00] [] [---I---] [thread 2232211] Percent done: 30
[20:37:42 -04:00] [] [---I---] [thread 2232211] Percent done: 30
[20:37:42 -04:00] [] [---I---] [thread 2232211] Percent done: 30
[20:37:42 -04:00] [] [---I---] [thread 2232211] Percent done: 30
[20:37:42 -04:00] [] [---I---] [thread 2232211] Percent done: 30
[20:37:42 -04:00] [] [---I---] [thread 2232211] Percent done: 30
[20:37:42 -04:00] [] [---I---] [thread 2232211] Percent done: 30
[20:37:42 -04:00] [] [---I---] [thread 2232211] Percent done: 30
[20:37:42 -04:00] [] [---I---] [thread 2232211] Percent done: 30
[20:37:42 -04:00] [] [---I---] [thread 2232211] Percent done: 30
[20:37:42 -04:00] [] [---I---] [thread 2232211] Percent done: 30
[20:37:42 -04:00] [] [---I---] [thread 2232211] Percent done: 30
[20:37:42 -04:00] [] [---I---] [thread 2232211] Percent done: 30
[20:37:42 -04:00] [] [---I---] [thread 2232211] Percent done: 30
[20:37:42 -04:00] [] [---I---] [thread 2232211] Percent done: 30
[20:37:42 -04:00] [] [---I---] [thread 2232211] Percent done: 30
[20:37:42 -04:00] [] [---I---] [thread 2232211] Percent done: 30
[20:37:42 -04:00] [] [---I---] [thread 2232211] Percent done: 30
[20:37:42 -04:00] [] [---I---] [thread 2232211] Percent done: 30
[20:37:42 -04:00] [] [---I---] [thread 2232211] Percent done: 30
[20:37:42 -04:00] [] [---I---] [thread 2232211] Percent done: 30
[20:37:42 -04:00] [] [---I---] [thread 2232211] Percent done: 30
[20:37:42 -04:00] [] [---I---] [thread 2232211] Percent done: 30
[20:37:42 -04:00] [] [---I---] [thread 2232211] Percent done: 30
[20:37:42 -04:00] [] [---I---] [thread 2232211] Percent done: 30
[20:37:42 -04:00] [] [---I---] [thread 2232211] Percent done: 30
[20:37:42 -04:00] [] [---I---] [thread 2232211] Percent done: 30
[20:37:42 -04:00] [] [---I---] [thread 2232211] Percent done: 30
[20:37:42 -04:00] [] [---I---] [thread 2232211] Percent done: 30
[20:37:42 -04:00] [] [---I---] [thread 2232211] Percent done: 30
[20:37:42 -04:00] [] [---I---] [thread 2232211] Percent done: 40
[20:37:42 -04:00] [] [---I---] [thread 2232211] Percent done: 40
[20:37:42 -04:00] [] [---I---] [thread 2232211] Percent done: 40
[20:37:42 -04:00] [] [---I---] [thread 2232211] Percent done: 40
[20:37:42 -04:00] [] [---I---] [thread 2232211] Percent done: 40
[20:37:42 -04:00] [] [---I---] [thread 2232211] Percent done: 40
[20:37:42 -04:00] [] [---I---] [thread 2232211] Percent done: 40
[20:37:42 -04:00] [] [---I---] [thread 2232211] Percent done: 40
[20:37:42 -04:00] [] [---I---] [thread 2232211] Percent done: 40
[20:37:42 -04:00] [] [---I---] [thread 2232211] Percent done: 40
[20:37:42 -04:00] [] [---I---] [thread 2232211] Percent done: 40
[20:37:42 -04:00] [] [---I---] [thread 2232211] Percent done: 40
[20:37:42 -04:00] [] [---I---] [thread 2232211] Percent done: 40
[20:37:42 -04:00] [] [---I---] [thread 2232211] Percent done: 40
[20:37:42 -04:00] [] [---I---] [thread 2232211] Percent done: 40
[20:37:42 -04:00] [] [---I---] [thread 2232211] Percent done: 40
[20:37:42 -04:00] [] [---I---] [thread 2232211] Percent done: 40
[20:37:42 -04:00] [] [---I---] [thread 2232211] Percent done: 40
[20:37:42 -04:00] [] [---I---] [thread 2232211] Percent done: 40
[20:37:42 -04:00] [] [---I---] [thread 2232211] Percent done: 40
[20:37:42 -04:00] [] [---I---] [thread 2232211] Percent done: 40
[20:37:42 -04:00] [] [---I---] [thread 2232211] Percent done: 40
[20:37:42 -04:00] [] [---I---] [thread 2232211] Percent done: 40
[20:37:42 -04:00] [] [---I---] [thread 2232211] Percent done: 40
[20:37:42 -04:00] [] [---I---] [thread 2232211] Percent done: 40
[20:37:42 -04:00] [] [---I---] [thread 2232211] Percent done: 40
[20:37:42 -04:00] [] [---I---] [thread 2232211] Percent done: 40
[20:37:42 -04:00] [] [---I---] [thread 2232211] Percent done: 40
[20:37:42 -04:00] [] [---I---] [thread 2232211] Percent done: 40
[20:37:42 -04:00] [] [---I---] [thread 2232211] Percent done: 40
[20:37:42 -04:00] [] [---I---] [thread 2232211] Percent done: 40
[20:37:42 -04:00] [] [---I---] [thread 2232211] Percent done: 40
[20:37:42 -04:00] [] [---I---] [thread 2232211] Percent done: 40
[20:37:42 -04:00] [] [---I---] [thread 2232211] Percent done: 40
[20:37:42 -04:00] [] [---I---] [thread 2232211] Percent done: 40
[20:37:42 -04:00] [] [---I---] [thread 2232211] Percent done: 40
[20:37:42 -04:00] [] [---I---] [thread 2232211] Percent done: 50
[20:37:42 -04:00] [] [---I---] [thread 2232211] Input stream processed
[20:37:42 -04:00] [] [---I---] [thread 2232211] Input stream mapped
[20:37:48 -04:00] [] [---I---] [thread 2232187] Status query received
[20:37:48 -04:00] [] [---I---] [thread 2232187] Returning status: 100
[20:37:48 -04:00] [] [---I---] [thread 2232187] Mapper is imploding soon
[20:37:53 -04:00] [] [---I---] [thread 2232266] Bye bye
