[20:37:35 -04:00] [] [---I---] [thread 2231523] Server started
[20:37:38 -04:00] [] [---I---] [thread 2231558] Received start request, creating map object
[20:37:38 -04:00] [] [---I---] [thread 2231558] Mapper thread created and detached
[20:37:38 -04:00] [] [---I---] [thread 2231777] No of records to process: 1829
[20:37:38 -04:00] [] [---I---] [thread 2231777] Percent done: 0
[20:37:38 -04:00] [] [---I---] [thread 2231777] Percent done: 0
[20:37:38 -04:00] [] [---I---] [thread 2231777] Percent done: 0
[20:37:38 -04:00] [] [---I---] [thread 2231777] Percent done: 0
[20:37:38 -04:00] [] [---I---] [thread 2231777] Percent done: 0
[20:37:38 -04:00] [] [---I---] [thread 2231777] Percent done: 0
[20:37:38 -04:00] [] [---I---] [thread 2231777] Percent done: 0
[20:37:38 -04:00] [] [---I---] [thread 2231777] Percent done: 0
[20:37:38 -04:00] [] [---I---] [thread 2231777] Percent done: 0
[20:37:38 -04:00] [] [---I---] [thread 2231777] Percent done: 0
[20:37:38 -04:00] [] [---I---] [thread 2231777] Percent done: 0
[20:37:38 -04:00] [] [---I---] [thread 2231777] Percent done: 0
[20:37:38 -04:00] [] [---I---] [thread 2231777] Percent done: 0
[20:37:38 -04:00] [] [---I---] [thread 2231777] Percent done: 0
[20:37:38 -04:00] [] [---I---] [thread 2231777] Percent done: 0
[20:37:38 -04:00] [] [---I---] [thread 2231777] Percent done: 0
[20:37:38 -04:00] [] [---I---] [thread 2231777] Percent done: 0
[20:37:38 -04:00] [] [---I---] [thread 2231777] Percent done: 0
[20:37:38 -04:00] [] [---I---] [thread 2231777] Percent done: 0
[20:37:38 -04:00] [] [---I---] [thread 2231777] Percent done: 0
[20:37:38 -04:00] [] [---I---] [thread 2231777] Percent done: 0
[20:37:38 -04:00] [] [---I---] [thread 2231777] Percent done: 0
[20:37:38 -04:00] [] [---I---] [thread 2231777] Percent done: 0
[20:37:38 -04:00] [] [---I---] [thread 2231777] Percent done: 0
[20:37:38 -04:00] [] [---I---] [thread 2231777] Percent done: 0
[20:37:38 -04:00] [] [---I---] [thread 2231777] Percent done: 0
[20:37:38 -04:00] [] [---I---] [thread 2231777] Percent done: 0
[20:37:38 -04:00] [] [---I---] [thread 2231777] Percent done: 0
[20:37:38 -04:00] [] [---I---] [thread 2231777] Percent done: 0
[20:37:38 -04:00] [] [---I---] [thread 2231777] Percent done: 0
[20:37:38 -04:00] [] [---I---] [thread 2231777] Percent done: 0
[20:37:38 -04:00] [] [---I---] [thread 2231777] Percent done: 0
[20:37:38 -04:00] [] [---I---] [thread 2231777] Percent done: 0
[20:37:38 -04:00] [] [---I---] [thread 2231777] Percent done: 0
[20:37:38 -04:00] [] [---I---] [thread 2231777] Percent done: 0
[20:37:38 -04:00] [] [---I---] [thread 2231777] Percent done: 0
[20:37:38 -04:00] [] [---I---] [thread 2231777] Percent done: 10
[20:37:38 -04:00] [] [---I---] [thread 2231777] Percent done: 10
[20:37:38 -04:00] [] [---I---] [thread 2231777] Percent done: 10
[20:37:38 -04:00] [] [---I---] [thread 2231777] Percent done: 10
[20:37:38 -04:00] [] [---I---] [thread 2231777] Percent done: 10
[20:37:38 -04:00] [] [---I---] [thread 2231777] Percent done: 10
[20:37:38 -04:00] [] [---I---] [thread 2231777] Percent done: 10
[20:37:38 -04:00] [] [---I---] [thread 2231777] Percent done: 10
[20:37:38 -04:00] [] [---I---] [thread 2231777] Percent done: 10
[20:37:38 -04:00] [] [---I---] [thread 2231777] Percent done: 10
[20:37:38 -04:00] [] [---I---] [thread 2231777] Percent done: 10
[20:37:38 -04:00] [] [---I---] [thread 2231777] Percent done: 10
[20:37:38 -04:00] [] [---I---] [thread 2231777] Percent done: 10
[20:37:38 -04:00] [] [---I---] [thread 2231777] Percent done: 10
[20:37:38 -04:00] [] [---I---] [thread 2231777] Percent done: 10
[20:37:38 -04:00] [] [---I---] [thread 2231777] Percent done: 10
[20:37:38 -04:00] [] [---I---] [thread 2231777] Percent done: 10
[20:37:38 -04:00] [] [---I---] [thread 2231777] Percent done: 10
[20:37:38 -04:00] [] [---I---] [thread 2231777] Percent done: 10
[20:37:38 -04:00] [] [---I---] [thread 2231777] Percent done: 10
[20:37:38 -04:00] [] [---I---] [thread 2231777] Percent done: 10
[20:37:38 -04:00] [] [---I---] [thread 2231777] Percent done: 10
[20:37:38 -04:00] [] [---I---] [thread 2231777] Percent done: 10
[20:37:38 -04:00] [] [---I---] [thread 2231777] Percent done: 10
[20:37:38 -04:00] [] [---I---] [thread 2231777] Percent done: 10
[20:37:38 -04:00] [] [---I---] [thread 2231777] Percent done: 10
[20:37:38 -04:00] [] [---I---] [thread 2231777] Percent done: 10
[20:37:38 -04:00] [] [---I---] [thread 2231777] Percent done: 10
[20:37:38 -04:00] [] [---I---] [thread 2231777] Percent done: 10
[20:37:38 -04:00] [] [---I---] [thread 2231777] Percent done: 10
[20:37:38 -04:00] [] [---I---] [thread 2231777] Percent done: 10
[20:37:38 -04:00] [] [---I---] [thread 2231777] Percent done: 10
[20:37:38 -04:00] [] [---I---] [thread 2231777] Percent done: 10
[20:37:38 -04:00] [] [---I---] [thread 2231777] Percent done: 10
[20:37:38 -04:00] [] [---I---] [thread 2231777] Percent done: 10
[20:37:38 -04:00] [] [---I---] [thread 2231777] Percent done: 10
[20:37:38 -04:00] [] [---I---] [thread 2231777] Percent done: 10
[20:37:38 -04:00] [] [---I---] [thread 2231777] Percent done: 20
[20:37:38 -04:00] [] [---I---] [thread 2231777] Percent done: 20
[20:37:38 -04:00] [] [---I---] [thread 2231777] Percent done: 20
[20:37:38 -04:00] [] [---I---] [thread 2231777] Percent done: 20
[20:37:38 -04:00] [] [---I---] [thread 2231777] Percent done: 20
[20:37:38 -04:00] [] [---I---] [thread 2231777] Percent done: 20
[20:37:38 -04:00] [] [---I---] [thread 2231777] Percent done: 20
[20:37:38 -04:00] [] [---I---] [thread 2231777] Percent done: 20
[20:37:38 -04:00] [] [---I---] [thread 2231777] Percent done: 20
[20:37:38 -04:00] [] [---I---] [thread 2231777] Percent done: 20
[20:37:38 -04:00] [] [---I---] [thread 2231777] Percent done: 20
[20:37:38 -04:00] [] [---I---] [thread 2231777] Percent done: 20
[20:37:38 -04:00] [] [---I---] [thread 2231777] Percent done: 20
[20:37:38 -04:00] [] [---I---] [thread 2231777] Percent done: 20
[20:37:38 -04:00] [] [---I---] [thread 2231777] Percent done: 20
[20:37:38 -04:00] [] [---I---] [thread 2231777] Percent done: 20
[20:37:38 -04:00] [] [---I---] [thread 2231777] Percent done: 20
[20:37:38 -04:00] [] [---I---] [thread 2231777] Percent done: 20
[20:37:38 -04:00] [] [---I---] [thread 2231777] Percent done: 20
[20:37:38 -04:00] [] [---I---] [thread 2231777] Percent done: 20
[20:37:38 -04:00] [] [---I---] [thread 2231777] Percent done: 20
[20:37:38 -04:00] [] [---I---] [thread 2231777] Percent done: 20
[20:37:38 -04:00] [] [---I---] [thread 2231777] Percent done: 20
[20:37:38 -04:00] [] [---I---] [thread 2231777] Percent done: 20
[20:37:38 -04:00] [] [---I---] [thread 2231777] Percent done: 20
[20:37:38 -04:00] [] [---I---] [thread 2231777] Percent done: 20
[20:37:38 -04:00] [] [---I---] [thread 2231777] Percent done: 20
[20:37:38 -04:00] [] [---I---] [thread 2231777] Percent done: 20
[20:37:38 -04:00] [] [---I---] [thread 2231777] Percent done: 20
[20:37:38 -04:00] [] [---I---] [thread 2231777] Percent done: 20
[20:37:38 -04:00] [] [---I---] [thread 2231777] Percent done: 20
[20:37:38 -04:00] [] [---I---] [thread 2231777] Percent done: 20
[20:37:38 -04:00] [] [---I---] [thread 2231777] Percent done: 20
[20:37:38 -04:00] [] [---I---] [thread 2231777] Percent done: 20
[20:37:38 -04:00] [] [---I---] [thread 2231777] Percent done: 20
[20:37:38 -04:00] [] [---I---] [thread 2231777] Percent done: 20
[20:37:38 -04:00] [] [---I---] [thread 2231777] Percent done: 20
[20:37:38 -04:00] [] [---I---] [thread 2231777] Percent done: 30
[20:37:38 -04:00] [] [---I---] [thread 2231777] Percent done: 30
[20:37:38 -04:00] [] [---I---] [thread 2231777] Percent done: 30
[20:37:38 -04:00] [] [---I---] [thread 2231777] Percent done: 30
[20:37:38 -04:00] [] [---I---] [thread 2231777] Percent done: 30
[20:37:38 -04:00] [] [---I---] [thread 2231777] Percent done: 30
[20:37:38 -04:00] [] [---I---] [thread 2231777] Percent done: 30
[20:37:38 -04:00] [] [---I---] [thread 2231777] Percent done: 30
[20:37:38 -04:00] [] [---I---] [thread 2231777] Percent done: 30
[20:37:38 -04:00] [] [---I---] [thread 2231777] Percent done: 30
[20:37:38 -04:00] [] [---I---] [thread 2231777] Percent done: 30
[20:37:38 -04:00] [] [---I---] [thread 2231777] Percent done: 30
[20:37:38 -04:00] [] [---I---] [thread 2231777] Percent done: 30
[20:37:38 -04:00] [] [---I---] [thread 2231777] Percent done: 30
[20:37:38 -04:00] [] [---I---] [thread 2231777] Percent done: 30
[20:37:38 -04:00] [] [---I---] [thread 2231777] Percent done: 30
[20:37:38 -04:00] [] [---I---] [thread 2231777] Percent done: 30
[20:37:38 -04:00] [] [---I---] [thread 2231777] Percent done: 30
[20:37:38 -04:00] [] [---I---] [thread 2231777] Percent done: 30
[20:37:38 -04:00] [] [---I---] [thread 2231777] Percent done: 30
[20:37:38 -04:00] [] [---I---] [thread 2231777] Percent done: 30
[20:37:38 -04:00] [] [---I---] [thread 2231777] Percent done: 30
[20:37:38 -04:00] [] [---I---] [thread 2231777] Percent done: 30
[20:37:38 -04:00] [] [---I---] [thread 2231777] Percent done: 30
[20:37:38 -04:00] [] [---I---] [thread 2231777] Percent done: 30
[20:37:38 -04:00] [] [---I---] [thread 2231777] Percent done: 30
[20:37:38 -04:00] [] [---I---] [thread 2231777] Percent done: 30
[20:37:38 -04:00] [] [---I---] [thread 2231777] Percent done: 30
[20:37:38 -04:00] [] [---I---] [thread 2231777] Percent done: 30
[20:37:38 -04:00] [] [---I---] [thread 2231777] Percent done: 30
[20:37:38 -04:00] [] [---I---] [thread 2231777] Percent done: 30
[20:37:38 -04:00] [] [---I---] [thread 2231777] Percent done: 30
[20:37:38 -04:00] [] [---I---] [thread 2231777] Percent done: 30
[20:37:38 -04:00] [] [---I---] [thread 2231777] Percent done: 30
[20:37:38 -04:00] [] [---I---] [thread 2231777] Percent done: 30
[20:37:38 -04:00] [] [---I---] [thread 2231777] Percent done: 30
[20:37:38 -04:00] [] [---I---] [thread 2231777] Percent done: 40
[20:37:38 -04:00] [] [---I---] [thread 2231777] Percent done: 40
[20:37:38 -04:00] [] [---I---] [thread 2231777] Percent done: 40
[20:37:38 -04:00] [] [---I---] [thread 2231777] Percent done: 40
[20:37:38 -04:00] [] [---I---] [thread 2231777] Percent done: 40
[20:37:38 -04:00] [] [---I---] [thread 2231777] Percent done: 40
[20:37:38 -04:00] [] [---I---] [thread 2231777] Percent done: 40
[20:37:38 -04:00] [] [---I---] [thread 2231777] Percent done: 40
[20:37:38 -04:00] [] [---I---] [thread 2231777] Percent done: 40
[20:37:38 -04:00] [] [---I---] [thread 2231777] Percent done: 40
[20:37:38 -04:00] [] [---I---] [thread 2231777] Percent done: 40
[20:37:38 -04:00] [] [---I---] [thread 2231777] Percent done: 40
[20:37:38 -04:00] [] [---I---] [thread 2231777] Percent done: 40
[20:37:38 -04:00] [] [---I---] [thread 2231777] Percent done: 40
[20:37:38 -04:00] [] [---I---] [thread 2231777] Percent done: 40
[20:37:38 -04:00] [] [---I---] [thread 2231777] Percent done: 40
[20:37:38 -04:00] [] [---I---] [thread 2231777] Percent done: 40
[20:37:38 -04:00] [] [---I---] [thread 2231777] Percent done: 40
[20:37:38 -04:00] [] [---I---] [thread 2231777] Percent done: 40
[20:37:38 -04:00] [] [---I---] [thread 2231777] Percent done: 40
[20:37:38 -04:00] [] [---I---] [thread 2231777] Percent done: 40
[20:37:38 -04:00] [] [---I---] [thread 2231777] Percent done: 40
[20:37:38 -04:00] [] [---I---] [thread 2231777] Percent done: 40
[20:37:38 -04:00] [] [---I---] [thread 2231777] Percent done: 40
[20:37:38 -04:00] [] [---I---] [thread 2231777] Percent done: 40
[20:37:38 -04:00] [] [---I---] [thread 2231777] Percent done: 40
[20:37:38 -04:00] [] [---I---] [thread 2231777] Percent done: 40
[20:37:38 -04:00] [] [---I---] [thread 2231777] Percent done: 40
[20:37:38 -04:00] [] [---I---] [thread 2231777] Percent done: 40
[20:37:38 -04:00] [] [---I---] [thread 2231777] Percent done: 40
[20:37:38 -04:00] [] [---I---] [thread 2231777] Percent done: 40
[20:37:38 -04:00] [] [---I---] [thread 2231777] Percent done: 40
[20:37:38 -04:00] [] [---I---] [thread 2231777] Percent done: 40
[20:37:38 -04:00] [] [---I---] [thread 2231777] Percent done: 40
[20:37:38 -04:00] [] [---I---] [thread 2231777] Percent done: 40
[20:37:38 -04:00] [] [---I---] [thread 2231777] Percent done: 40
[20:37:38 -04:00] [] [---I---] [thread 2231777] Percent done: 50
[20:37:38 -04:00] [] [---I---] [thread 2231777] Input stream processed
[20:37:38 -04:00] [] [---I---] [thread 2231777] Input stream mapped
[20:37:42 -04:00] [] [---I---] [thread 2231558] Status query received
[20:37:42 -04:00] [] [---I---] [thread 2231558] Returning status: 100
[20:37:42 -04:00] [] [---I---] [thread 2231558] Mapper is imploding soon
[20:37:47 -04:00] [] [---I---] [thread 2232213] Bye bye
