[20:37:55 -04:00] [] [---I---] [thread 2232632] Server started on 3600
[20:37:58 -04:00] [] [---I---] [thread 2232652] Starting reducer
[20:37:58 -04:00] [] [---I---] [thread 2232673] Running reducer
[20:37:58 -04:00] [] [---I---] [thread 2232673] No of records to process: 3638
[20:37:58 -04:00] [] [---I---] [thread 2232673] Percent done: 0
[20:37:58 -04:00] [] [---I---] [thread 2232673] Percent done: 0
[20:37:58 -04:00] [] [---I---] [thread 2232673] Percent done: 0
[20:37:58 -04:00] [] [---I---] [thread 2232673] Percent done: 0
[20:37:58 -04:00] [] [---I---] [thread 2232673] Percent done: 0
[20:37:58 -04:00] [] [---I---] [thread 2232673] Percent done: 0
[20:37:58 -04:00] [] [---I---] [thread 2232673] Percent done: 0
[20:37:58 -04:00] [] [---I---] [thread 2232673] Percent done: 0
[20:37:58 -04:00] [] [---I---] [thread 2232673] Percent done: 0
[20:37:58 -04:00] [] [---I---] [thread 2232673] Percent done: 0
[20:37:58 -04:00] [] [---I---] [thread 2232673] Percent done: 0
[20:37:58 -04:00] [] [---I---] [thread 2232673] Percent done: 0
[20:37:58 -04:00] [] [---I---] [thread 2232673] Percent done: 0
[20:37:58 -04:00] [] [---I---] [thread 2232673] Percent done: 0
[20:37:58 -04:00] [] [---I---] [thread 2232673] Percent done: 0
[20:37:58 -04:00] [] [---I---] [thread 2232673] Percent done: 0
[20:37:58 -04:00] [] [---I---] [thread 2232673] Percent done: 0
[20:37:58 -04:00] [] [---I---] [thread 2232673] Percent done: 0
[20:37:58 -04:00] [] [---I---] [thread 2232673] Percent done: 0
[20:37:58 -04:00] [] [---I---] [thread 2232673] Percent done: 0
[20:37:58 -04:00] [] [---I---] [thread 2232673] Percent done: 0
[20:37:58 -04:00] [] [---I---] [thread 2232673] Percent done: 0
[20:37:58 -04:00] [] [---I---] [thread 2232673] Percent done: 0
[20:37:58 -04:00] [] [---I---] [thread 2232673] Percent done: 0
[20:37:58 -04:00] [] [---I---] [thread 2232673] Percent done: 0
[20:37:58 -04:00] [] [---I---] [thread 2232673] Percent done: 0
[20:37:58 -04:00] [] [---I---] [thread 2232673] Percent done: 0
[20:37:58 -04:00] [] [---I---] [thread 2232673] Percent done: 0
[20:37:58 -04:00] [] [---I---] [thread 2232673] Percent done: 0
[20:37:58 -04:00] [] [---I---] [thread 2232673] Percent done: 0
[20:37:58 -04:00] [] [---I---] [thread 2232673] Percent done: 0
[20:37:58 -04:00] [] [---I---] [thread 2232673] Percent done: 0
[20:37:58 -04:00] [] [---I---] [thread 2232673] Percent done: 0
[20:37:58 -04:00] [] [---I---] [thread 2232673] Percent done: 0
[20:37:58 -04:00] [] [---I---] [thread 2232673] Percent done: 0
[20:37:58 -04:00] [] [---I---] [thread 2232673] Percent done: 0
[20:37:58 -04:00] [] [---I---] [thread 2232673] Percent done: 10
[20:37:58 -04:00] [] [---I---] [thread 2232673] Percent done: 10
[20:37:58 -04:00] [] [---I---] [thread 2232673] Percent done: 10
[20:37:58 -04:00] [] [---I---] [thread 2232673] Percent done: 10
[20:37:58 -04:00] [] [---I---] [thread 2232673] Percent done: 10
[20:37:58 -04:00] [] [---I---] [thread 2232673] Percent done: 10
[20:37:58 -04:00] [] [---I---] [thread 2232673] Percent done: 10
[20:37:58 -04:00] [] [---I---] [thread 2232673] Percent done: 10
[20:37:58 -04:00] [] [---I---] [thread 2232673] Percent done: 10
[20:37:58 -04:00] [] [---I---] [thread 2232673] Percent done: 10
[20:37:58 -04:00] [] [---I---] [thread 2232673] Percent done: 10
[20:37:58 -04:00] [] [---I---] [thread 2232673] Percent done: 10
[20:37:58 -04:00] [] [---I---] [thread 2232673] Percent done: 10
[20:37:58 -04:00] [] [---I---] [thread 2232673] Percent done: 10
[20:37:58 -04:00] [] [---I---] [thread 2232673] Percent done: 10
[20:37:58 -04:00] [] [---I---] [thread 2232673] Percent done: 10
[20:37:58 -04:00] [] [---I---] [thread 2232673] Percent done: 10
[20:37:58 -04:00] [] [---I---] [thread 2232673] Percent done: 10
[20:37:58 -04:00] [] [---I---] [thread 2232673] Percent done: 10
[20:37:58 -04:00] [] [---I---] [thread 2232673] Percent done: 10
[20:37:58 -04:00] [] [---I---] [thread 2232673] Percent done: 10
[20:37:58 -04:00] [] [---I---] [thread 2232673] Percent done: 10
[20:37:58 -04:00] [] [---I---] [thread 2232673] Percent done: 10
[20:37:58 -04:00] [] [---I---] [thread 2232673] Percent done: 10
[20:37:58 -04:00] [] [---I---] [thread 2232673] Percent done: 10
[20:37:58 -04:00] [] [---I---] [thread 2232673] Percent done: 10
[20:37:58 -04:00] [] [---I---] [thread 2232673] Percent done: 10
[20:37:58 -04:00] [] [---I---] [thread 2232673] Percent done: 10
[20:37:58 -04:00] [] [---I---] [thread 2232673] Percent done: 10
[20:37:58 -04:00] [] [---I---] [thread 2232673] Percent done: 10
[20:37:58 -04:00] [] [---I---] [thread 2232673] Percent done: 10
[20:37:58 -04:00] [] [---I---] [thread 2232673] Percent done: 10
[20:37:58 -04:00] [] [---I---] [thread 2232673] Percent done: 10
[20:37:58 -04:00] [] [---I---] [thread 2232673] Percent done: 10
[20:37:58 -04:00] [] [---I---] [thread 2232673] Percent done: 10
[20:37:58 -04:00] [] [---I---] [thread 2232673] Percent done: 10
[20:37:58 -04:00] [] [---I---] [thread 2232673] Percent done: 10
[20:37:58 -04:00] [] [---I---] [thread 2232673] Percent done: 20
[20:37:58 -04:00] [] [---I---] [thread 2232673] Percent done: 20
[20:37:58 -04:00] [] [---I---] [thread 2232673] Percent done: 20
[20:37:58 -04:00] [] [---I---] [thread 2232673] Percent done: 20
[20:37:58 -04:00] [] [---I---] [thread 2232673] Percent done: 20
[20:37:58 -04:00] [] [---I---] [thread 2232673] Percent done: 20
[20:37:58 -04:00] [] [---I---] [thread 2232673] Percent done: 20
[20:37:58 -04:00] [] [---I---] [thread 2232673] Percent done: 20
[20:37:58 -04:00] [] [---I---] [thread 2232673] Percent done: 20
[20:37:58 -04:00] [] [---I---] [thread 2232673] Percent done: 20
[20:37:58 -04:00] [] [---I---] [thread 2232673] Percent done: 20
[20:37:58 -04:00] [] [---I---] [thread 2232673] Percent done: 20
[20:37:58 -04:00] [] [---I---] [thread 2232673] Percent done: 20
[20:37:58 -04:00] [] [---I---] [thread 2232673] Percent done: 20
[20:37:58 -04:00] [] [---I---] [thread 2232673] Percent done: 20
[20:37:58 -04:00] [] [---I---] [thread 2232673] Percent done: 20
[20:37:58 -04:00] [] [---I---] [thread 2232673] Percent done: 20
[20:37:58 -04:00] [] [---I---] [thread 2232673] Percent done: 20
[20:37:58 -04:00] [] [---I---] [thread 2232673] Percent done: 20
[20:37:58 -04:00] [] [---I---] [thread 2232673] Percent done: 20
[20:37:58 -04:00] [] [---I---] [thread 2232673] Percent done: 20
[20:37:58 -04:00] [] [---I---] [thread 2232673] Percent done: 20
[20:37:58 -04:00] [] [---I---] [thread 2232673] Percent done: 20
[20:37:58 -04:00] [] [---I---] [thread 2232673] Percent done: 20
[20:37:58 -04:00] [] [---I---] [thread 2232673] Percent done: 20
[20:37:58 -04:00] [] [---I---] [thread 2232673] Percent done: 20
[20:37:58 -04:00] [] [---I---] [thread 2232673] Percent done: 20
[20:37:58 -04:00] [] [---I---] [thread 2232673] Percent done: 20
[20:37:58 -04:00] [] [---I---] [thread 2232673] Percent done: 20
[20:37:58 -04:00] [] [---I---] [thread 2232673] Percent done: 20
[20:37:58 -04:00] [] [---I---] [thread 2232673] Percent done: 20
[20:37:58 -04:00] [] [---I---] [thread 2232673] Percent done: 20
[20:37:58 -04:00] [] [---I---] [thread 2232673] Percent done: 20
[20:37:58 -04:00] [] [---I---] [thread 2232673] Percent done: 20
[20:37:58 -04:00] [] [---I---] [thread 2232673] Percent done: 20
[20:37:58 -04:00] [] [---I---] [thread 2232673] Percent done: 20
[20:37:58 -04:00] [] [---I---] [thread 2232673] Percent done: 30
[20:37:58 -04:00] [] [---I---] [thread 2232673] Percent done: 30
[20:37:58 -04:00] [] [---I---] [thread 2232673] Percent done: 30
[20:37:58 -04:00] [] [---I---] [thread 2232673] Percent done: 30
[20:37:58 -04:00] [] [---I---] [thread 2232673] Percent done: 30
[20:37:58 -04:00] [] [---I---] [thread 2232673] Percent done: 30
[20:37:58 -04:00] [] [---I---] [thread 2232673] Percent done: 30
[20:37:58 -04:00] [] [---I---] [thread 2232673] Percent done: 30
[20:37:58 -04:00] [] [---I---] [thread 2232673] Percent done: 30
[20:37:58 -04:00] [] [---I---] [thread 2232673] Percent done: 30
[20:37:58 -04:00] [] [---I---] [thread 2232673] Percent done: 30
[20:37:58 -04:00] [] [---I---] [thread 2232673] Percent done: 30
[20:37:58 -04:00] [] [---I---] [thread 2232673] Percent done: 30
[20:37:58 -04:00] [] [---I---] [thread 2232673] Percent done: 30
[20:37:58 -04:00] [] [---I---] [thread 2232673] Percent done: 30
[20:37:58 -04:00] [] [---I---] [thread 2232673] Percent done: 30
[20:37:58 -04:00] [] [---I---] [thread 2232673] Percent done: 30
[20:37:58 -04:00] [] [---I---] [thread 2232673] Percent done: 30
[20:37:58 -04:00] [] [---I---] [thread 2232673] Percent done: 30
[20:37:58 -04:00] [] [---I---] [thread 2232673] Percent done: 30
[20:37:58 -04:00] [] [---I---] [thread 2232673] Percent done: 30
[20:37:58 -04:00] [] [---I---] [thread 2232673] Percent done: 30
[20:37:58 -04:00] [] [---I---] [thread 2232673] Percent done: 30
[20:37:58 -04:00] [] [---I---] [thread 2232673] Percent done: 30
[20:37:58 -04:00] [] [---I---] [thread 2232673] Percent done: 30
[20:37:58 -04:00] [] [---I---] [thread 2232673] Percent done: 30
[20:37:58 -04:00] [] [---I---] [thread 2232673] Percent done: 30
[20:37:58 -04:00] [] [---I---] [thread 2232673] Percent done: 30
[20:37:58 -04:00] [] [---I---] [thread 2232673] Percent done: 30
[20:37:58 -04:00] [] [---I---] [thread 2232673] Percent done: 30
[20:37:58 -04:00] [] [---I---] [thread 2232673] Percent done: 30
[20:37:58 -04:00] [] [---I---] [thread 2232673] Percent done: 30
[20:37:58 -04:00] [] [---I---] [thread 2232673] Percent done: 30
[20:37:58 -04:00] [] [---I---] [thread 2232673] Percent done: 30
[20:37:58 -04:00] [] [---I---] [thread 2232673] Percent done: 30
[20:37:58 -04:00] [] [---I---] [thread 2232673] Percent done: 30
[20:37:58 -04:00] [] [---I---] [thread 2232673] Percent done: 40
[20:37:58 -04:00] [] [---I---] [thread 2232673] Percent done: 40
[20:37:58 -04:00] [] [---I---] [thread 2232673] Percent done: 40
[20:37:58 -04:00] [] [---I---] [thread 2232673] Percent done: 40
[20:37:58 -04:00] [] [---I---] [thread 2232673] Percent done: 40
[20:37:58 -04:00] [] [---I---] [thread 2232673] Percent done: 40
[20:37:58 -04:00] [] [---I---] [thread 2232673] Percent done: 40
[20:37:58 -04:00] [] [---I---] [thread 2232673] Percent done: 40
[20:37:58 -04:00] [] [---I---] [thread 2232673] Percent done: 40
[20:37:58 -04:00] [] [---I---] [thread 2232673] Percent done: 40
[20:37:58 -04:00] [] [---I---] [thread 2232673] Percent done: 40
[20:37:58 -04:00] [] [---I---] [thread 2232673] Percent done: 40
[20:37:58 -04:00] [] [---I---] [thread 2232673] Percent done: 40
[20:37:58 -04:00] [] [---I---] [thread 2232673] Percent done: 40
[20:37:58 -04:00] [] [---I---] [thread 2232673] Percent done: 40
[20:37:58 -04:00] [] [---I---] [thread 2232673] Percent done: 40
[20:37:58 -04:00] [] [---I---] [thread 2232673] Percent done: 40
[20:37:58 -04:00] [] [---I---] [thread 2232673] Percent done: 40
[20:37:58 -04:00] [] [---I---] [thread 2232673] Percent done: 40
[20:37:58 -04:00] [] [---I---] [thread 2232673] Percent done: 40
[20:37:58 -04:00] [] [---I---] [thread 2232673] Percent done: 40
[20:37:58 -04:00] [] [---I---] [thread 2232673] Percent done: 40
[20:37:58 -04:00] [] [---I---] [thread 2232673] Percent done: 40
[20:37:58 -04:00] [] [---I---] [thread 2232673] Percent done: 40
[20:37:58 -04:00] [] [---I---] [thread 2232673] Percent done: 40
[20:37:58 -04:00] [] [---I---] [thread 2232673] Percent done: 40
[20:37:58 -04:00] [] [---I---] [thread 2232673] Percent done: 40
[20:37:58 -04:00] [] [---I---] [thread 2232673] Percent done: 40
[20:37:58 -04:00] [] [---I---] [thread 2232673] Percent done: 40
[20:37:58 -04:00] [] [---I---] [thread 2232673] Percent done: 40
[20:37:58 -04:00] [] [---I---] [thread 2232673] Percent done: 40
[20:37:58 -04:00] [] [---I---] [thread 2232673] Percent done: 40
[20:37:58 -04:00] [] [---I---] [thread 2232673] Percent done: 40
[20:37:58 -04:00] [] [---I---] [thread 2232673] Percent done: 40
[20:37:58 -04:00] [] [---I---] [thread 2232673] Percent done: 40
[20:37:58 -04:00] [] [---I---] [thread 2232673] Percent done: 40
[20:37:58 -04:00] [] [---I---] [thread 2232673] Percent done: 50
[20:37:58 -04:00] [] [---I---] [thread 2232673] Percent done: 50
[20:37:58 -04:00] [] [---I---] [thread 2232673] Percent done: 50
[20:37:58 -04:00] [] [---I---] [thread 2232673] Percent done: 50
[20:37:58 -04:00] [] [---I---] [thread 2232673] Percent done: 50
[20:37:58 -04:00] [] [---I---] [thread 2232673] Percent done: 50
[20:37:58 -04:00] [] [---I---] [thread 2232673] Percent done: 50
[20:37:58 -04:00] [] [---I---] [thread 2232673] Percent done: 50
[20:37:58 -04:00] [] [---I---] [thread 2232673] Percent done: 50
[20:37:58 -04:00] [] [---I---] [thread 2232673] Percent done: 50
[20:37:58 -04:00] [] [---I---] [thread 2232673] Percent done: 50
[20:37:58 -04:00] [] [---I---] [thread 2232673] Percent done: 50
[20:37:58 -04:00] [] [---I---] [thread 2232673] Percent done: 50
[20:37:58 -04:00] [] [---I---] [thread 2232673] Percent done: 50
[20:37:58 -04:00] [] [---I---] [thread 2232673] Percent done: 50
[20:37:58 -04:00] [] [---I---] [thread 2232673] Percent done: 50
[20:37:58 -04:00] [] [---I---] [thread 2232673] Percent done: 50
[20:37:58 -04:00] [] [---I---] [thread 2232673] Percent done: 50
[20:37:58 -04:00] [] [---I---] [thread 2232673] Percent done: 50
[20:37:58 -04:00] [] [---I---] [thread 2232673] Percent done: 50
[20:37:58 -04:00] [] [---I---] [thread 2232673] Percent done: 50
[20:37:58 -04:00] [] [---I---] [thread 2232673] Percent done: 50
[20:37:58 -04:00] [] [---I---] [thread 2232673] Percent done: 50
[20:37:58 -04:00] [] [---I---] [thread 2232673] Percent done: 50
[20:37:58 -04:00] [] [---I---] [thread 2232673] Percent done: 50
[20:37:58 -04:00] [] [---I---] [thread 2232673] Percent done: 50
[20:37:58 -04:00] [] [---I---] [thread 2232673] Percent done: 50
[20:37:58 -04:00] [] [---I---] [thread 2232673] Percent done: 50
[20:37:58 -04:00] [] [---I---] [thread 2232673] Percent done: 50
[20:37:58 -04:00] [] [---I---] [thread 2232673] Percent done: 50
[20:37:58 -04:00] [] [---I---] [thread 2232673] Percent done: 50
[20:37:58 -04:00] [] [---I---] [thread 2232673] Percent done: 50
[20:37:58 -04:00] [] [---I---] [thread 2232673] Percent done: 50
[20:37:58 -04:00] [] [---I---] [thread 2232673] Percent done: 50
[20:37:58 -04:00] [] [---I---] [thread 2232673] Percent done: 50
[20:37:58 -04:00] [] [---I---] [thread 2232673] Percent done: 50
[20:37:58 -04:00] [] [---I---] [thread 2232673] Percent done: 50
[20:37:58 -04:00] [] [---I---] [thread 2232673] Percent done: 60
[20:37:58 -04:00] [] [---I---] [thread 2232673] Percent done: 60
[20:37:58 -04:00] [] [---I---] [thread 2232673] Percent done: 60
[20:37:58 -04:00] [] [---I---] [thread 2232673] Percent done: 60
[20:37:58 -04:00] [] [---I---] [thread 2232673] Percent done: 60
[20:37:58 -04:00] [] [---I---] [thread 2232673] Percent done: 60
[20:37:58 -04:00] [] [---I---] [thread 2232673] Percent done: 60
[20:37:58 -04:00] [] [---I---] [thread 2232673] Percent done: 60
[20:37:58 -04:00] [] [---I---] [thread 2232673] Percent done: 60
[20:37:58 -04:00] [] [---I---] [thread 2232673] Percent done: 60
[20:37:58 -04:00] [] [---I---] [thread 2232673] Percent done: 60
[20:37:58 -04:00] [] [---I---] [thread 2232673] Percent done: 60
[20:37:58 -04:00] [] [---I---] [thread 2232673] Percent done: 60
[20:37:58 -04:00] [] [---I---] [thread 2232673] Percent done: 60
[20:37:58 -04:00] [] [---I---] [thread 2232673] Percent done: 60
[20:37:58 -04:00] [] [---I---] [thread 2232673] Percent done: 60
[20:37:58 -04:00] [] [---I---] [thread 2232673] Percent done: 60
[20:37:58 -04:00] [] [---I---] [thread 2232673] Percent done: 60
[20:37:58 -04:00] [] [---I---] [thread 2232673] Percent done: 60
[20:37:58 -04:00] [] [---I---] [thread 2232673] Percent done: 60
[20:37:58 -04:00] [] [---I---] [thread 2232673] Percent done: 60
[20:37:58 -04:00] [] [---I---] [thread 2232673] Percent done: 60
[20:37:58 -04:00] [] [---I---] [thread 2232673] Percent done: 60
[20:37:58 -04:00] [] [---I---] [thread 2232673] Percent done: 60
[20:37:58 -04:00] [] [---I---] [thread 2232673] Percent done: 60
[20:37:58 -04:00] [] [---I---] [thread 2232673] Percent done: 60
[20:37:58 -04:00] [] [---I---] [thread 2232673] Percent done: 60
[20:37:58 -04:00] [] [---I---] [thread 2232673] Percent done: 60
[20:37:58 -04:00] [] [---I---] [thread 2232673] Percent done: 60
[20:37:58 -04:00] [] [---I---] [thread 2232673] Percent done: 60
[20:37:58 -04:00] [] [---I---] [thread 2232673] Percent done: 60
[20:37:58 -04:00] [] [---I---] [thread 2232673] Percent done: 60
[20:37:58 -04:00] [] [---I---] [thread 2232673] Percent done: 60
[20:37:58 -04:00] [] [---I---] [thread 2232673] Percent done: 60
[20:37:58 -04:00] [] [---I---] [thread 2232673] Percent done: 60
[20:37:58 -04:00] [] [---I---] [thread 2232673] Percent done: 60
[20:37:58 -04:00] [] [---I---] [thread 2232673] Percent done: 60
[20:37:58 -04:00] [] [---I---] [thread 2232673] Percent done: 70
[20:37:58 -04:00] [] [---I---] [thread 2232673] Percent done: 70
[20:37:58 -04:00] [] [---I---] [thread 2232673] Percent done: 70
[20:37:58 -04:00] [] [---I---] [thread 2232673] Percent done: 70
[20:37:58 -04:00] [] [---I---] [thread 2232673] Percent done: 70
[20:37:58 -04:00] [] [---I---] [thread 2232673] Percent done: 70
[20:37:58 -04:00] [] [---I---] [thread 2232673] Percent done: 70
[20:37:58 -04:00] [] [---I---] [thread 2232673] Percent done: 70
[20:37:58 -04:00] [] [---I---] [thread 2232673] Percent done: 70
[20:37:58 -04:00] [] [---I---] [thread 2232673] Percent done: 70
[20:37:58 -04:00] [] [---I---] [thread 2232673] Percent done: 70
[20:37:58 -04:00] [] [---I---] [thread 2232673] Percent done: 70
[20:37:58 -04:00] [] [---I---] [thread 2232673] Percent done: 70
[20:37:58 -04:00] [] [---I---] [thread 2232673] Percent done: 70
[20:37:58 -04:00] [] [---I---] [thread 2232673] Percent done: 70
[20:37:58 -04:00] [] [---I---] [thread 2232673] Percent done: 70
[20:37:58 -04:00] [] [---I---] [thread 2232673] Percent done: 70
[20:37:58 -04:00] [] [---I---] [thread 2232673] Percent done: 70
[20:37:58 -04:00] [] [---I---] [thread 2232673] Percent done: 70
[20:37:58 -04:00] [] [---I---] [thread 2232673] Percent done: 70
[20:37:58 -04:00] [] [---I---] [thread 2232673] Percent done: 70
[20:37:58 -04:00] [] [---I---] [thread 2232673] Percent done: 70
[20:37:58 -04:00] [] [---I---] [thread 2232673] Percent done: 70
[20:37:58 -04:00] [] [---I---] [thread 2232673] Percent done: 70
[20:37:58 -04:00] [] [---I---] [thread 2232673] Percent done: 70
[20:37:58 -04:00] [] [---I---] [thread 2232673] Percent done: 70
[20:37:58 -04:00] [] [---I---] [thread 2232673] Percent done: 70
[20:37:58 -04:00] [] [---I---] [thread 2232673] Percent done: 70
[20:37:58 -04:00] [] [---I---] [thread 2232673] Percent done: 70
[20:37:58 -04:00] [] [---I---] [thread 2232673] Percent done: 70
[20:37:58 -04:00] [] [---I---] [thread 2232673] Percent done: 70
[20:37:58 -04:00] [] [---I---] [thread 2232673] Percent done: 70
[20:37:58 -04:00] [] [---I---] [thread 2232673] Percent done: 70
[20:37:58 -04:00] [] [---I---] [thread 2232673] Percent done: 70
[20:37:58 -04:00] [] [---I---] [thread 2232673] Percent done: 70
[20:37:58 -04:00] [] [---I---] [thread 2232673] Percent done: 70
[20:37:58 -04:00] [] [---I---] [thread 2232673] Percent done: 80
[20:37:58 -04:00] [] [---I---] [thread 2232673] Percent done: 80
[20:37:58 -04:00] [] [---I---] [thread 2232673] Percent done: 80
[20:37:58 -04:00] [] [---I---] [thread 2232673] Percent done: 80
[20:37:58 -04:00] [] [---I---] [thread 2232673] Percent done: 80
[20:37:58 -04:00] [] [---I---] [thread 2232673] Percent done: 80
[20:37:58 -04:00] [] [---I---] [thread 2232673] Percent done: 80
[20:37:58 -04:00] [] [---I---] [thread 2232673] Percent done: 80
[20:37:58 -04:00] [] [---I---] [thread 2232673] Percent done: 80
[20:37:58 -04:00] [] [---I---] [thread 2232673] Percent done: 80
[20:37:58 -04:00] [] [---I---] [thread 2232673] Percent done: 80
[20:37:58 -04:00] [] [---I---] [thread 2232673] Percent done: 80
[20:37:58 -04:00] [] [---I---] [thread 2232673] Percent done: 80
[20:37:58 -04:00] [] [---I---] [thread 2232673] Percent done: 80
[20:37:58 -04:00] [] [---I---] [thread 2232673] Percent done: 80
[20:37:58 -04:00] [] [---I---] [thread 2232673] Percent done: 80
[20:37:58 -04:00] [] [---I---] [thread 2232673] Percent done: 80
[20:37:58 -04:00] [] [---I---] [thread 2232673] Percent done: 80
[20:37:58 -04:00] [] [---I---] [thread 2232673] Percent done: 80
[20:37:58 -04:00] [] [---I---] [thread 2232673] Percent done: 80
[20:37:58 -04:00] [] [---I---] [thread 2232673] Percent done: 80
[20:37:58 -04:00] [] [---I---] [thread 2232673] Percent done: 80
[20:37:58 -04:00] [] [---I---] [thread 2232673] Percent done: 80
[20:37:58 -04:00] [] [---I---] [thread 2232673] Percent done: 80
[20:37:58 -04:00] [] [---I---] [thread 2232673] Percent done: 80
[20:37:58 -04:00] [] [---I---] [thread 2232673] Percent done: 80
[20:37:58 -04:00] [] [---I---] [thread 2232673] Percent done: 80
[20:37:58 -04:00] [] [---I---] [thread 2232673] Percent done: 80
[20:37:58 -04:00] [] [---I---] [thread 2232673] Percent done: 80
[20:37:58 -04:00] [] [---I---] [thread 2232673] Percent done: 80
[20:37:58 -04:00] [] [---I---] [thread 2232673] Percent done: 80
[20:37:58 -04:00] [] [---I---] [thread 2232673] Percent done: 80
[20:37:58 -04:00] [] [---I---] [thread 2232673] Percent done: 80
[20:37:58 -04:00] [] [---I---] [thread 2232673] Percent done: 80
[20:37:58 -04:00] [] [---I---] [thread 2232673] Percent done: 80
[20:37:58 -04:00] [] [---I---] [thread 2232673] Percent done: 80
[20:37:58 -04:00] [] [---I---] [thread 2232673] Percent done: 90
[20:37:58 -04:00] [] [---I---] [thread 2232673] Percent done: 90
[20:37:58 -04:00] [] [---I---] [thread 2232673] Percent done: 90
[20:37:58 -04:00] [] [---I---] [thread 2232673] Percent done: 90
[20:37:58 -04:00] [] [---I---] [thread 2232673] Percent done: 90
[20:37:58 -04:00] [] [---I---] [thread 2232673] Percent done: 90
[20:37:58 -04:00] [] [---I---] [thread 2232673] Percent done: 90
[20:37:58 -04:00] [] [---I---] [thread 2232673] Percent done: 90
[20:37:58 -04:00] [] [---I---] [thread 2232673] Percent done: 90
[20:37:58 -04:00] [] [---I---] [thread 2232673] Percent done: 90
[20:37:58 -04:00] [] [---I---] [thread 2232673] Percent done: 90
[20:37:58 -04:00] [] [---I---] [thread 2232673] Percent done: 90
[20:37:58 -04:00] [] [---I---] [thread 2232673] Percent done: 90
[20:37:58 -04:00] [] [---I---] [thread 2232673] Percent done: 90
[20:37:58 -04:00] [] [---I---] [thread 2232673] Percent done: 90
[20:37:58 -04:00] [] [---I---] [thread 2232673] Percent done: 90
[20:37:58 -04:00] [] [---I---] [thread 2232673] Percent done: 90
[20:37:58 -04:00] [] [---I---] [thread 2232673] Percent done: 90
[20:37:58 -04:00] [] [---I---] [thread 2232673] Percent done: 90
[20:37:58 -04:00] [] [---I---] [thread 2232673] Percent done: 90
[20:37:58 -04:00] [] [---I---] [thread 2232673] Percent done: 90
[20:37:58 -04:00] [] [---I---] [thread 2232673] Percent done: 90
[20:37:58 -04:00] [] [---I---] [thread 2232673] Percent done: 90
[20:37:58 -04:00] [] [---I---] [thread 2232673] Percent done: 90
[20:37:58 -04:00] [] [---I---] [thread 2232673] Percent done: 90
[20:37:58 -04:00] [] [---I---] [thread 2232673] Percent done: 90
[20:37:58 -04:00] [] [---I---] [thread 2232673] Percent done: 90
[20:37:58 -04:00] [] [---I---] [thread 2232673] Percent done: 90
[20:37:58 -04:00] [] [---I---] [thread 2232673] Percent done: 90
[20:37:58 -04:00] [] [---I---] [thread 2232673] Percent done: 90
[20:37:58 -04:00] [] [---I---] [thread 2232673] Percent done: 90
[20:37:58 -04:00] [] [---I---] [thread 2232673] Percent done: 90
[20:37:58 -04:00] [] [---I---] [thread 2232673] Percent done: 90
[20:37:58 -04:00] [] [---I---] [thread 2232673] Percent done: 90
[20:37:58 -04:00] [] [---I---] [thread 2232673] Percent done: 90
[20:37:58 -04:00] [] [---I---] [thread 2232673] Percent done: 90
[20:37:58 -04:00] [] [---I---] [thread 2232673] Percent done: 100
[20:37:58 -04:00] [] [---I---] [thread 2232673] Input processed and reduced
[20:38:02 -04:00] [] [---I---] [thread 2232672] Status queried
[20:38:02 -04:00] [] [---I---] [thread 2232672] Reporting status: 100
[20:38:02 -04:00] [] [---I---] [thread 2232672] Reducer will die soon now
[20:38:07 -04:00] [] [---I---] [thread 2233009] Bye bye
