[20:37:59 -04:00] [] [---I---] [thread 2232983] Server started on 3700
[20:38:02 -04:00] [] [---I---] [thread 2233003] Starting reducer
[20:38:02 -04:00] [] [---I---] [thread 2233007] Running reducer
[20:38:02 -04:00] [] [---I---] [thread 2233007] No of records to process: 3672
[20:38:02 -04:00] [] [---I---] [thread 2233007] Percent done: 0
[20:38:02 -04:00] [] [---I---] [thread 2233007] Percent done: 0
[20:38:02 -04:00] [] [---I---] [thread 2233007] Percent done: 0
[20:38:02 -04:00] [] [---I---] [thread 2233007] Percent done: 0
[20:38:02 -04:00] [] [---I---] [thread 2233007] Percent done: 0
[20:38:02 -04:00] [] [---I---] [thread 2233007] Percent done: 0
[20:38:02 -04:00] [] [---I---] [thread 2233007] Percent done: 0
[20:38:02 -04:00] [] [---I---] [thread 2233007] Percent done: 0
[20:38:02 -04:00] [] [---I---] [thread 2233007] Percent done: 0
[20:38:02 -04:00] [] [---I---] [thread 2233007] Percent done: 0
[20:38:02 -04:00] [] [---I---] [thread 2233007] Percent done: 0
[20:38:02 -04:00] [] [---I---] [thread 2233007] Percent done: 0
[20:38:02 -04:00] [] [---I---] [thread 2233007] Percent done: 0
[20:38:02 -04:00] [] [---I---] [thread 2233007] Percent done: 0
[20:38:02 -04:00] [] [---I---] [thread 2233007] Percent done: 0
[20:38:02 -04:00] [] [---I---] [thread 2233007] Percent done: 0
[20:38:02 -04:00] [] [---I---] [thread 2233007] Percent done: 0
[20:38:02 -04:00] [] [---I---] [thread 2233007] Percent done: 0
[20:38:02 -04:00] [] [---I---] [thread 2233007] Percent done: 0
[20:38:02 -04:00] [] [---I---] [thread 2233007] Percent done: 0
[20:38:02 -04:00] [] [---I---] [thread 2233007] Percent done: 0
[20:38:02 -04:00] [] [---I---] [thread 2233007] Percent done: 0
[20:38:02 -04:00] [] [---I---] [thread 2233007] Percent done: 0
[20:38:02 -04:00] [] [---I---] [thread 2233007] Percent done: 0
[20:38:02 -04:00] [] [---I---] [thread 2233007] Percent done: 0
[20:38:02 -04:00] [] [---I---] [thread 2233007] Percent done: 0
[20:38:02 -04:00] [] [---I---] [thread 2233007] Percent done: 0
[20:38:02 -04:00] [] [---I---] [thread 2233007] Percent done: 0
[20:38:02 -04:00] [] [---I---] [thread 2233007] Percent done: 0
[20:38:02 -04:00] [] [---I---] [thread 2233007] Percent done: 0
[20:38:02 -04:00] [] [---I---] [thread 2233007] Percent done: 0
[20:38:02 -04:00] [] [---I---] [thread 2233007] Percent done: 0
[20:38:02 -04:00] [] [---I---] [thread 2233007] Percent done: 0
[20:38:02 -04:00] [] [---I---] [thread 2233007] Percent done: 0
[20:38:02 -04:00] [] [---I---] [thread 2233007] Percent done: 0
[20:38:02 -04:00] [] [---I---] [thread 2233007] Percent done: 0
[20:38:02 -04:00] [] [---I---] [thread 2233007] Percent done: 10
[20:38:02 -04:00] [] [---I---] [thread 2233007] Percent done: 10
[20:38:02 -04:00] [] [---I---] [thread 2233007] Percent done: 10
[20:38:02 -04:00] [] [---I---] [thread 2233007] Percent done: 10
[20:38:02 -04:00] [] [---I---] [thread 2233007] Percent done: 10
[20:38:02 -04:00] [] [---I---] [thread 2233007] Percent done: 10
[20:38:02 -04:00] [] [---I---] [thread 2233007] Percent done: 10
[20:38:02 -04:00] [] [---I---] [thread 2233007] Percent done: 10
[20:38:02 -04:00] [] [---I---] [thread 2233007] Percent done: 10
[20:38:02 -04:00] [] [---I---] [thread 2233007] Percent done: 10
[20:38:02 -04:00] [] [---I---] [thread 2233007] Percent done: 10
[20:38:02 -04:00] [] [---I---] [thread 2233007] Percent done: 10
[20:38:02 -04:00] [] [---I---] [thread 2233007] Percent done: 10
[20:38:02 -04:00] [] [---I---] [thread 2233007] Percent done: 10
[20:38:02 -04:00] [] [---I---] [thread 2233007] Percent done: 10
[20:38:02 -04:00] [] [---I---] [thread 2233007] Percent done: 10
[20:38:02 -04:00] [] [---I---] [thread 2233007] Percent done: 10
[20:38:02 -04:00] [] [---I---] [thread 2233007] Percent done: 10
[20:38:02 -04:00] [] [---I---] [thread 2233007] Percent done: 10
[20:38:02 -04:00] [] [---I---] [thread 2233007] Percent done: 10
[20:38:02 -04:00] [] [---I---] [thread 2233007] Percent done: 10
[20:38:02 -04:00] [] [---I---] [thread 2233007] Percent done: 10
[20:38:02 -04:00] [] [---I---] [thread 2233007] Percent done: 10
[20:38:02 -04:00] [] [---I---] [thread 2233007] Percent done: 10
[20:38:02 -04:00] [] [---I---] [thread 2233007] Percent done: 10
[20:38:02 -04:00] [] [---I---] [thread 2233007] Percent done: 10
[20:38:02 -04:00] [] [---I---] [thread 2233007] Percent done: 10
[20:38:02 -04:00] [] [---I---] [thread 2233007] Percent done: 10
[20:38:02 -04:00] [] [---I---] [thread 2233007] Percent done: 10
[20:38:02 -04:00] [] [---I---] [thread 2233007] Percent done: 10
[20:38:02 -04:00] [] [---I---] [thread 2233007] Percent done: 10
[20:38:02 -04:00] [] [---I---] [thread 2233007] Percent done: 10
[20:38:02 -04:00] [] [---I---] [thread 2233007] Percent done: 10
[20:38:02 -04:00] [] [---I---] [thread 2233007] Percent done: 10
[20:38:02 -04:00] [] [---I---] [thread 2233007] Percent done: 10
[20:38:02 -04:00] [] [---I---] [thread 2233007] Percent done: 10
[20:38:02 -04:00] [] [---I---] [thread 2233007] Percent done: 20
[20:38:02 -04:00] [] [---I---] [thread 2233007] Percent done: 20
[20:38:02 -04:00] [] [---I---] [thread 2233007] Percent done: 20
[20:38:02 -04:00] [] [---I---] [thread 2233007] Percent done: 20
[20:38:02 -04:00] [] [---I---] [thread 2233007] Percent done: 20
[20:38:02 -04:00] [] [---I---] [thread 2233007] Percent done: 20
[20:38:02 -04:00] [] [---I---] [thread 2233007] Percent done: 20
[20:38:02 -04:00] [] [---I---] [thread 2233007] Percent done: 20
[20:38:02 -04:00] [] [---I---] [thread 2233007] Percent done: 20
[20:38:02 -04:00] [] [---I---] [thread 2233007] Percent done: 20
[20:38:02 -04:00] [] [---I---] [thread 2233007] Percent done: 20
[20:38:02 -04:00] [] [---I---] [thread 2233007] Percent done: 20
[20:38:02 -04:00] [] [---I---] [thread 2233007] Percent done: 20
[20:38:02 -04:00] [] [---I---] [thread 2233007] Percent done: 20
[20:38:02 -04:00] [] [---I---] [thread 2233007] Percent done: 20
[20:38:02 -04:00] [] [---I---] [thread 2233007] Percent done: 20
[20:38:02 -04:00] [] [---I---] [thread 2233007] Percent done: 20
[20:38:02 -04:00] [] [---I---] [thread 2233007] Percent done: 20
[20:38:02 -04:00] [] [---I---] [thread 2233007] Percent done: 20
[20:38:02 -04:00] [] [---I---] [thread 2233007] Percent done: 20
[20:38:02 -04:00] [] [---I---] [thread 2233007] Percent done: 20
[20:38:02 -04:00] [] [---I---] [thread 2233007] Percent done: 20
[20:38:02 -04:00] [] [---I---] [thread 2233007] Percent done: 20
[20:38:02 -04:00] [] [---I---] [thread 2233007] Percent done: 20
[20:38:02 -04:00] [] [---I---] [thread 2233007] Percent done: 20
[20:38:02 -04:00] [] [---I---] [thread 2233007] Percent done: 20
[20:38:02 -04:00] [] [---I---] [thread 2233007] Percent done: 20
[20:38:02 -04:00] [] [---I---] [thread 2233007] Percent done: 20
[20:38:02 -04:00] [] [---I---] [thread 2233007] Percent done: 20
[20:38:02 -04:00] [] [---I---] [thread 2233007] Percent done: 20
[20:38:02 -04:00] [] [---I---] [thread 2233007] Percent done: 20
[20:38:02 -04:00] [] [---I---] [thread 2233007] Percent done: 20
[20:38:02 -04:00] [] [---I---] [thread 2233007] Percent done: 20
[20:38:02 -04:00] [] [---I---] [thread 2233007] Percent done: 20
[20:38:02 -04:00] [] [---I---] [thread 2233007] Percent done: 20
[20:38:02 -04:00] [] [---I---] [thread 2233007] Percent done: 20
[20:38:02 -04:00] [] [---I---] [thread 2233007] Percent done: 20
[20:38:02 -04:00] [] [---I---] [thread 2233007] Percent done: 30
[20:38:02 -04:00] [] [---I---] [thread 2233007] Percent done: 30
[20:38:02 -04:00] [] [---I---] [thread 2233007] Percent done: 30
[20:38:02 -04:00] [] [---I---] [thread 2233007] Percent done: 30
[20:38:02 -04:00] [] [---I---] [thread 2233007] Percent done: 30
[20:38:02 -04:00] [] [---I---] [thread 2233007] Percent done: 30
[20:38:02 -04:00] [] [---I---] [thread 2233007] Percent done: 30
[20:38:02 -04:00] [] [---I---] [thread 2233007] Percent done: 30
[20:38:02 -04:00] [] [---I---] [thread 2233007] Percent done: 30
[20:38:02 -04:00] [] [---I---] [thread 2233007] Percent done: 30
[20:38:02 -04:00] [] [---I---] [thread 2233007] Percent done: 30
[20:38:02 -04:00] [] [---I---] [thread 2233007] Percent done: 30
[20:38:02 -04:00] [] [---I---] [thread 2233007] Percent done: 30
[20:38:02 -04:00] [] [---I---] [thread 2233007] Percent done: 30
[20:38:02 -04:00] [] [---I---] [thread 2233007] Percent done: 30
[20:38:02 -04:00] [] [---I---] [thread 2233007] Percent done: 30
[20:38:02 -04:00] [] [---I---] [thread 2233007] Percent done: 30
[20:38:02 -04:00] [] [---I---] [thread 2233007] Percent done: 30
[20:38:02 -04:00] [] [---I---] [thread 2233007] Percent done: 30
[20:38:02 -04:00] [] [---I---] [thread 2233007] Percent done: 30
[20:38:02 -04:00] [] [---I---] [thread 2233007] Percent done: 30
[20:38:02 -04:00] [] [---I---] [thread 2233007] Percent done: 30
[20:38:02 -04:00] [] [---I---] [thread 2233007] Percent done: 30
[20:38:02 -04:00] [] [---I---] [thread 2233007] Percent done: 30
[20:38:02 -04:00] [] [---I---] [thread 2233007] Percent done: 30
[20:38:02 -04:00] [] [---I---] [thread 2233007] Percent done: 30
[20:38:02 -04:00] [] [---I---] [thread 2233007] Percent done: 30
[20:38:02 -04:00] [] [---I---] [thread 2233007] Percent done: 30
[20:38:02 -04:00] [] [---I---] [thread 2233007] Percent done: 30
[20:38:02 -04:00] [] [---I---] [thread 2233007] Percent done: 30
[20:38:02 -04:00] [] [---I---] [thread 2233007] Percent done: 30
[20:38:02 -04:00] [] [---I---] [thread 2233007] Percent done: 30
[20:38:02 -04:00] [] [---I---] [thread 2233007] Percent done: 30
[20:38:02 -04:00] [] [---I---] [thread 2233007] Percent done: 30
[20:38:02 -04:00] [] [---I---] [thread 2233007] Percent done: 30
[20:38:02 -04:00] [] [---I---] [thread 2233007] Percent done: 30
[20:38:02 -04:00] [] [---I---] [thread 2233007] Percent done: 30
[20:38:02 -04:00] [] [---I---] [thread 2233007] Percent done: 40
[20:38:02 -04:00] [] [---I---] [thread 2233007] Percent done: 40
[20:38:02 -04:00] [] [---I---] [thread 2233007] Percent done: 40
[20:38:02 -04:00] [] [---I---] [thread 2233007] Percent done: 40
[20:38:02 -04:00] [] [---I---] [thread 2233007] Percent done: 40
[20:38:02 -04:00] [] [---I---] [thread 2233007] Percent done: 40
[20:38:02 -04:00] [] [---I---] [thread 2233007] Percent done: 40
[20:38:02 -04:00] [] [---I---] [thread 2233007] Percent done: 40
[20:38:02 -04:00] [] [---I---] [thread 2233007] Percent done: 40
[20:38:02 -04:00] [] [---I---] [thread 2233007] Percent done: 40
[20:38:02 -04:00] [] [---I---] [thread 2233007] Percent done: 40
[20:38:02 -04:00] [] [---I---] [thread 2233007] Percent done: 40
[20:38:02 -04:00] [] [---I---] [thread 2233007] Percent done: 40
[20:38:02 -04:00] [] [---I---] [thread 2233007] Percent done: 40
[20:38:02 -04:00] [] [---I---] [thread 2233007] Percent done: 40
[20:38:02 -04:00] [] [---I---] [thread 2233007] Percent done: 40
[20:38:02 -04:00] [] [---I---] [thread 2233007] Percent done: 40
[20:38:02 -04:00] [] [---I---] [thread 2233007] Percent done: 40
[20:38:02 -04:00] [] [---I---] [thread 2233007] Percent done: 40
[20:38:02 -04:00] [] [---I---] [thread 2233007] Percent done: 40
[20:38:02 -04:00] [] [---I---] [thread 2233007] Percent done: 40
[20:38:02 -04:00] [] [---I---] [thread 2233007] Percent done: 40
[20:38:02 -04:00] [] [---I---] [thread 2233007] Percent done: 40
[20:38:02 -04:00] [] [---I---] [thread 2233007] Percent done: 40
[20:38:02 -04:00] [] [---I---] [thread 2233007] Percent done: 40
[20:38:02 -04:00] [] [---I---] [thread 2233007] Percent done: 40
[20:38:02 -04:00] [] [---I---] [thread 2233007] Percent done: 40
[20:38:02 -04:00] [] [---I---] [thread 2233007] Percent done: 40
[20:38:02 -04:00] [] [---I---] [thread 2233007] Percent done: 40
[20:38:02 -04:00] [] [---I---] [thread 2233007] Percent done: 40
[20:38:02 -04:00] [] [---I---] [thread 2233007] Percent done: 40
[20:38:02 -04:00] [] [---I---] [thread 2233007] Percent done: 40
[20:38:02 -04:00] [] [---I---] [thread 2233007] Percent done: 40
[20:38:02 -04:00] [] [---I---] [thread 2233007] Percent done: 40
[20:38:02 -04:00] [] [---I---] [thread 2233007] Percent done: 40
[20:38:02 -04:00] [] [---I---] [thread 2233007] Percent done: 40
[20:38:02 -04:00] [] [---I---] [thread 2233007] Percent done: 40
[20:38:02 -04:00] [] [---I---] [thread 2233007] Percent done: 50
[20:38:02 -04:00] [] [---I---] [thread 2233007] Percent done: 50
[20:38:02 -04:00] [] [---I---] [thread 2233007] Percent done: 50
[20:38:02 -04:00] [] [---I---] [thread 2233007] Percent done: 50
[20:38:02 -04:00] [] [---I---] [thread 2233007] Percent done: 50
[20:38:02 -04:00] [] [---I---] [thread 2233007] Percent done: 50
[20:38:02 -04:00] [] [---I---] [thread 2233007] Percent done: 50
[20:38:02 -04:00] [] [---I---] [thread 2233007] Percent done: 50
[20:38:02 -04:00] [] [---I---] [thread 2233007] Percent done: 50
[20:38:02 -04:00] [] [---I---] [thread 2233007] Percent done: 50
[20:38:02 -04:00] [] [---I---] [thread 2233007] Percent done: 50
[20:38:02 -04:00] [] [---I---] [thread 2233007] Percent done: 50
[20:38:02 -04:00] [] [---I---] [thread 2233007] Percent done: 50
[20:38:02 -04:00] [] [---I---] [thread 2233007] Percent done: 50
[20:38:02 -04:00] [] [---I---] [thread 2233007] Percent done: 50
[20:38:02 -04:00] [] [---I---] [thread 2233007] Percent done: 50
[20:38:02 -04:00] [] [---I---] [thread 2233007] Percent done: 50
[20:38:02 -04:00] [] [---I---] [thread 2233007] Percent done: 50
[20:38:02 -04:00] [] [---I---] [thread 2233007] Percent done: 50
[20:38:02 -04:00] [] [---I---] [thread 2233007] Percent done: 50
[20:38:02 -04:00] [] [---I---] [thread 2233007] Percent done: 50
[20:38:02 -04:00] [] [---I---] [thread 2233007] Percent done: 50
[20:38:02 -04:00] [] [---I---] [thread 2233007] Percent done: 50
[20:38:02 -04:00] [] [---I---] [thread 2233007] Percent done: 50
[20:38:02 -04:00] [] [---I---] [thread 2233007] Percent done: 50
[20:38:02 -04:00] [] [---I---] [thread 2233007] Percent done: 50
[20:38:02 -04:00] [] [---I---] [thread 2233007] Percent done: 50
[20:38:02 -04:00] [] [---I---] [thread 2233007] Percent done: 50
[20:38:02 -04:00] [] [---I---] [thread 2233007] Percent done: 50
[20:38:02 -04:00] [] [---I---] [thread 2233007] Percent done: 50
[20:38:02 -04:00] [] [---I---] [thread 2233007] Percent done: 50
[20:38:02 -04:00] [] [---I---] [thread 2233007] Percent done: 50
[20:38:02 -04:00] [] [---I---] [thread 2233007] Percent done: 50
[20:38:02 -04:00] [] [---I---] [thread 2233007] Percent done: 50
[20:38:02 -04:00] [] [---I---] [thread 2233007] Percent done: 50
[20:38:02 -04:00] [] [---I---] [thread 2233007] Percent done: 50
[20:38:02 -04:00] [] [---I---] [thread 2233007] Percent done: 50
[20:38:02 -04:00] [] [---I---] [thread 2233007] Percent done: 60
[20:38:02 -04:00] [] [---I---] [thread 2233007] Percent done: 60
[20:38:02 -04:00] [] [---I---] [thread 2233007] Percent done: 60
[20:38:02 -04:00] [] [---I---] [thread 2233007] Percent done: 60
[20:38:02 -04:00] [] [---I---] [thread 2233007] Percent done: 60
[20:38:02 -04:00] [] [---I---] [thread 2233007] Percent done: 60
[20:38:02 -04:00] [] [---I---] [thread 2233007] Percent done: 60
[20:38:02 -04:00] [] [---I---] [thread 2233007] Percent done: 60
[20:38:02 -04:00] [] [---I---] [thread 2233007] Percent done: 60
[20:38:02 -04:00] [] [---I---] [thread 2233007] Percent done: 60
[20:38:02 -04:00] [] [---I---] [thread 2233007] Percent done: 60
[20:38:02 -04:00] [] [---I---] [thread 2233007] Percent done: 60
[20:38:02 -04:00] [] [---I---] [thread 2233007] Percent done: 60
[20:38:02 -04:00] [] [---I---] [thread 2233007] Percent done: 60
[20:38:02 -04:00] [] [---I---] [thread 2233007] Percent done: 60
[20:38:02 -04:00] [] [---I---] [thread 2233007] Percent done: 60
[20:38:02 -04:00] [] [---I---] [thread 2233007] Percent done: 60
[20:38:02 -04:00] [] [---I---] [thread 2233007] Percent done: 60
[20:38:02 -04:00] [] [---I---] [thread 2233007] Percent done: 60
[20:38:02 -04:00] [] [---I---] [thread 2233007] Percent done: 60
[20:38:02 -04:00] [] [---I---] [thread 2233007] Percent done: 60
[20:38:02 -04:00] [] [---I---] [thread 2233007] Percent done: 60
[20:38:02 -04:00] [] [---I---] [thread 2233007] Percent done: 60
[20:38:02 -04:00] [] [---I---] [thread 2233007] Percent done: 60
[20:38:02 -04:00] [] [---I---] [thread 2233007] Percent done: 60
[20:38:02 -04:00] [] [---I---] [thread 2233007] Percent done: 60
[20:38:02 -04:00] [] [---I---] [thread 2233007] Percent done: 60
[20:38:02 -04:00] [] [---I---] [thread 2233007] Percent done: 60
[20:38:02 -04:00] [] [---I---] [thread 2233007] Percent done: 60
[20:38:02 -04:00] [] [---I---] [thread 2233007] Percent done: 60
[20:38:02 -04:00] [] [---I---] [thread 2233007] Percent done: 60
[20:38:02 -04:00] [] [---I---] [thread 2233007] Percent done: 60
[20:38:02 -04:00] [] [---I---] [thread 2233007] Percent done: 60
[20:38:02 -04:00] [] [---I---] [thread 2233007] Percent done: 60
[20:38:02 -04:00] [] [---I---] [thread 2233007] Percent done: 60
[20:38:02 -04:00] [] [---I---] [thread 2233007] Percent done: 60
[20:38:02 -04:00] [] [---I---] [thread 2233007] Percent done: 70
[20:38:02 -04:00] [] [---I---] [thread 2233007] Percent done: 70
[20:38:02 -04:00] [] [---I---] [thread 2233007] Percent done: 70
[20:38:02 -04:00] [] [---I---] [thread 2233007] Percent done: 70
[20:38:02 -04:00] [] [---I---] [thread 2233007] Percent done: 70
[20:38:02 -04:00] [] [---I---] [thread 2233007] Percent done: 70
[20:38:02 -04:00] [] [---I---] [thread 2233007] Percent done: 70
[20:38:02 -04:00] [] [---I---] [thread 2233007] Percent done: 70
[20:38:02 -04:00] [] [---I---] [thread 2233007] Percent done: 70
[20:38:02 -04:00] [] [---I---] [thread 2233007] Percent done: 70
[20:38:02 -04:00] [] [---I---] [thread 2233007] Percent done: 70
[20:38:02 -04:00] [] [---I---] [thread 2233007] Percent done: 70
[20:38:02 -04:00] [] [---I---] [thread 2233007] Percent done: 70
[20:38:02 -04:00] [] [---I---] [thread 2233007] Percent done: 70
[20:38:02 -04:00] [] [---I---] [thread 2233007] Percent done: 70
[20:38:02 -04:00] [] [---I---] [thread 2233007] Percent done: 70
[20:38:02 -04:00] [] [---I---] [thread 2233007] Percent done: 70
[20:38:02 -04:00] [] [---I---] [thread 2233007] Percent done: 70
[20:38:02 -04:00] [] [---I---] [thread 2233007] Percent done: 70
[20:38:02 -04:00] [] [---I---] [thread 2233007] Percent done: 70
[20:38:02 -04:00] [] [---I---] [thread 2233007] Percent done: 70
[20:38:02 -04:00] [] [---I---] [thread 2233007] Percent done: 70
[20:38:02 -04:00] [] [---I---] [thread 2233007] Percent done: 70
[20:38:02 -04:00] [] [---I---] [thread 2233007] Percent done: 70
[20:38:02 -04:00] [] [---I---] [thread 2233007] Percent done: 70
[20:38:02 -04:00] [] [---I---] [thread 2233007] Percent done: 70
[20:38:02 -04:00] [] [---I---] [thread 2233007] Percent done: 70
[20:38:02 -04:00] [] [---I---] [thread 2233007] Percent done: 70
[20:38:02 -04:00] [] [---I---] [thread 2233007] Percent done: 70
[20:38:02 -04:00] [] [---I---] [thread 2233007] Percent done: 70
[20:38:02 -04:00] [] [---I---] [thread 2233007] Percent done: 70
[20:38:02 -04:00] [] [---I---] [thread 2233007] Percent done: 70
[20:38:02 -04:00] [] [---I---] [thread 2233007] Percent done: 70
[20:38:02 -04:00] [] [---I---] [thread 2233007] Percent done: 70
[20:38:02 -04:00] [] [---I---] [thread 2233007] Percent done: 70
[20:38:02 -04:00] [] [---I---] [thread 2233007] Percent done: 70
[20:38:02 -04:00] [] [---I---] [thread 2233007] Percent done: 70
[20:38:02 -04:00] [] [---I---] [thread 2233007] Percent done: 80
[20:38:02 -04:00] [] [---I---] [thread 2233007] Percent done: 80
[20:38:02 -04:00] [] [---I---] [thread 2233007] Percent done: 80
[20:38:02 -04:00] [] [---I---] [thread 2233007] Percent done: 80
[20:38:02 -04:00] [] [---I---] [thread 2233007] Percent done: 80
[20:38:02 -04:00] [] [---I---] [thread 2233007] Percent done: 80
[20:38:02 -04:00] [] [---I---] [thread 2233007] Percent done: 80
[20:38:02 -04:00] [] [---I---] [thread 2233007] Percent done: 80
[20:38:02 -04:00] [] [---I---] [thread 2233007] Percent done: 80
[20:38:02 -04:00] [] [---I---] [thread 2233007] Percent done: 80
[20:38:02 -04:00] [] [---I---] [thread 2233007] Percent done: 80
[20:38:02 -04:00] [] [---I---] [thread 2233007] Percent done: 80
[20:38:02 -04:00] [] [---I---] [thread 2233007] Percent done: 80
[20:38:02 -04:00] [] [---I---] [thread 2233007] Percent done: 80
[20:38:02 -04:00] [] [---I---] [thread 2233007] Percent done: 80
[20:38:02 -04:00] [] [---I---] [thread 2233007] Percent done: 80
[20:38:02 -04:00] [] [---I---] [thread 2233007] Percent done: 80
[20:38:02 -04:00] [] [---I---] [thread 2233007] Percent done: 80
[20:38:02 -04:00] [] [---I---] [thread 2233007] Percent done: 80
[20:38:02 -04:00] [] [---I---] [thread 2233007] Percent done: 80
[20:38:02 -04:00] [] [---I---] [thread 2233007] Percent done: 80
[20:38:02 -04:00] [] [---I---] [thread 2233007] Percent done: 80
[20:38:02 -04:00] [] [---I---] [thread 2233007] Percent done: 80
[20:38:02 -04:00] [] [---I---] [thread 2233007] Percent done: 80
[20:38:02 -04:00] [] [---I---] [thread 2233007] Percent done: 80
[20:38:02 -04:00] [] [---I---] [thread 2233007] Percent done: 80
[20:38:02 -04:00] [] [---I---] [thread 2233007] Percent done: 80
[20:38:02 -04:00] [] [---I---] [thread 2233007] Percent done: 80
[20:38:02 -04:00] [] [---I---] [thread 2233007] Percent done: 80
[20:38:02 -04:00] [] [---I---] [thread 2233007] Percent done: 80
[20:38:02 -04:00] [] [---I---] [thread 2233007] Percent done: 80
[20:38:02 -04:00] [] [---I---] [thread 2233007] Percent done: 80
[20:38:02 -04:00] [] [---I---] [thread 2233007] Percent done: 80
[20:38:02 -04:00] [] [---I---] [thread 2233007] Percent done: 80
[20:38:02 -04:00] [] [---I---] [thread 2233007] Percent done: 80
[20:38:02 -04:00] [] [---I---] [thread 2233007] Percent done: 80
[20:38:02 -04:00] [] [---I---] [thread 2233007] Percent done: 80
[20:38:02 -04:00] [] [---I---] [thread 2233007] Percent done: 90
[20:38:02 -04:00] [] [---I---] [thread 2233007] Percent done: 90
[20:38:02 -04:00] [] [---I---] [thread 2233007] Percent done: 90
[20:38:02 -04:00] [] [---I---] [thread 2233007] Percent done: 90
[20:38:02 -04:00] [] [---I---] [thread 2233007] Percent done: 90
[20:38:02 -04:00] [] [---I---] [thread 2233007] Percent done: 90
[20:38:02 -04:00] [] [---I---] [thread 2233007] Percent done: 90
[20:38:02 -04:00] [] [---I---] [thread 2233007] Percent done: 90
[20:38:02 -04:00] [] [---I---] [thread 2233007] Percent done: 90
[20:38:02 -04:00] [] [---I---] [thread 2233007] Percent done: 90
[20:38:02 -04:00] [] [---I---] [thread 2233007] Percent done: 90
[20:38:02 -04:00] [] [---I---] [thread 2233007] Percent done: 90
[20:38:02 -04:00] [] [---I---] [thread 2233007] Percent done: 90
[20:38:02 -04:00] [] [---I---] [thread 2233007] Percent done: 90
[20:38:02 -04:00] [] [---I---] [thread 2233007] Percent done: 90
[20:38:02 -04:00] [] [---I---] [thread 2233007] Percent done: 90
[20:38:02 -04:00] [] [---I---] [thread 2233007] Percent done: 90
[20:38:02 -04:00] [] [---I---] [thread 2233007] Percent done: 90
[20:38:02 -04:00] [] [---I---] [thread 2233007] Percent done: 90
[20:38:02 -04:00] [] [---I---] [thread 2233007] Percent done: 90
[20:38:02 -04:00] [] [---I---] [thread 2233007] Percent done: 90
[20:38:02 -04:00] [] [---I---] [thread 2233007] Percent done: 90
[20:38:02 -04:00] [] [---I---] [thread 2233007] Percent done: 90
[20:38:02 -04:00] [] [---I---] [thread 2233007] Percent done: 90
[20:38:02 -04:00] [] [---I---] [thread 2233007] Percent done: 90
[20:38:02 -04:00] [] [---I---] [thread 2233007] Percent done: 90
[20:38:02 -04:00] [] [---I---] [thread 2233007] Percent done: 90
[20:38:02 -04:00] [] [---I---] [thread 2233007] Percent done: 90
[20:38:02 -04:00] [] [---I---] [thread 2233007] Percent done: 90
[20:38:02 -04:00] [] [---I---] [thread 2233007] Percent done: 90
[20:38:02 -04:00] [] [---I---] [thread 2233007] Percent done: 90
[20:38:02 -04:00] [] [---I---] [thread 2233007] Percent done: 90
[20:38:02 -04:00] [] [---I---] [thread 2233007] Percent done: 90
[20:38:02 -04:00] [] [---I---] [thread 2233007] Percent done: 90
[20:38:02 -04:00] [] [---I---] [thread 2233007] Percent done: 90
[20:38:02 -04:00] [] [---I---] [thread 2233007] Percent done: 90
[20:38:02 -04:00] [] [---I---] [thread 2233007] Percent done: 90
[20:38:02 -04:00] [] [---I---] [thread 2233007] Percent done: 100
[20:38:02 -04:00] [] [---I---] [thread 2233007] Input processed and reduced
[20:38:08 -04:00] [] [---I---] [thread 2233006] Status queried
[20:38:08 -04:00] [] [---I---] [thread 2233006] Reporting status: 100
[20:38:08 -04:00] [] [---I---] [thread 2233006] Reducer will die soon now
[20:38:13 -04:00] [] [---I---] [thread 2233155] Bye bye
